[0.212s] Invoking command in '/sim_ws/build/wall_follow': CMAKE_PREFIX_PATH=${CMAKE_PREFIX_PATH}:/sim_ws/install/f1tenth_gym_ros:/opt/ros/foxy /usr/bin/cmake --build /sim_ws/build/wall_follow -- -j12 -l12
[0.363s] [35m[1mScanning dependencies of target wall_follow_node[0m
[0.397s] [ 50%] [32mBuilding CXX object CMakeFiles/wall_follow_node.dir/src/wall_follow_node.cpp.o[0m
[1.832s] [01m[K/sim_ws/src/wall_follow/src/wall_follow_node.cpp:[m[K In member function â€˜[01m[Kdouble WallFollow::get_range(std::vector<float>&, double)[m[Kâ€™:
[1.832s] [01m[K/sim_ws/src/wall_follow/src/wall_follow_node.cpp:86:32:[m[K [01;35m[Kwarning: [m[Kcomparison of integer expressions of different signedness: â€˜[01m[Kint[m[Kâ€™ and â€˜[01m[Kstd::vector<float>::size_type[m[Kâ€™ {aka â€˜[01m[Klong unsigned int[m[Kâ€™} [[01;35m[K-Wsign-compare[m[K]
[1.832s]    86 |         if (index < 0 || [01;35m[Kindex > range_data.size()[m[K) {
[1.832s]       |                          [01;35m[K~~~~~~^~~~~~~~~~~~~~~~~~~[m[K
[1.833s] [01m[K/sim_ws/src/wall_follow/src/wall_follow_node.cpp:[m[K In member function â€˜[01m[Kdouble WallFollow::get_error(std::vector<float>&, double, double)[m[Kâ€™:
[1.833s] [01m[K/sim_ws/src/wall_follow/src/wall_follow_node.cpp:139:18:[m[K [01;35m[Kwarning: [m[Kstatement has no effect [[01;35m[K-Wunused-value[m[K]
[1.833s]   139 |             for ([01;35m[Kb_angle[m[K;
[1.833s]       |                  [01;35m[K^~~~~~~[m[K
[1.833s] [01m[K/sim_ws/src/wall_follow/src/wall_follow_node.cpp:151:18:[m[K [01;35m[Kwarning: [m[Kstatement has no effect [[01;35m[K-Wunused-value[m[K]
[1.833s]   151 |             for ([01;35m[Ka_angle[m[K;
[1.833s]       |                  [01;35m[K^~~~~~~[m[K
[1.833s] [01m[K/sim_ws/src/wall_follow/src/wall_follow_node.cpp:169:24:[m[K [01;35m[Kwarning: [m[Kunused variable â€˜[01m[Kdist_actual[m[Kâ€™ [[01;35m[K-Wunused-variable[m[K]
[1.833s]   169 |                 double [01;35m[Kdist_actual[m[K = a_valid * cos(alpha);
[1.834s]       |                        [01;35m[K^~~~~~~~~~~[m[K
[1.834s] [01m[K/sim_ws/src/wall_follow/src/wall_follow_node.cpp:172:24:[m[K [01;35m[Kwarning: [m[Kunused variable â€˜[01m[Kdist_actual[m[Kâ€™ [[01;35m[K-Wunused-variable[m[K]
[1.834s]   172 |                 double [01;35m[Kdist_actual[m[K = b_valid * cos(alpha);
[1.834s]       |                        [01;35m[K^~~~~~~~~~~[m[K
[1.836s] [01m[K/sim_ws/src/wall_follow/src/wall_follow_node.cpp:174:21:[m[K [01;31m[Kerror: [m[Kâ€˜[01m[Kdist_actual[m[Kâ€™ was not declared in this scope
[1.836s]   174 |             error = [01;31m[Kdist_actual[m[K + velocity * sin(alpha) - dist;
[1.836s]       |                     [01;31m[K^~~~~~~~~~~[m[K
[1.837s] [01m[K/sim_ws/src/wall_follow/src/wall_follow_node.cpp:174:50:[m[K [01;31m[Kerror: [m[Kâ€˜[01m[Kalpha[m[Kâ€™ was not declared in this scope; did you mean â€˜[01m[Kisalpha[m[Kâ€™?
[1.837s]   174 |             error = dist_actual + velocity * sin([01;31m[Kalpha[m[K) - dist;
[1.837s]       |                                                  [01;31m[K^~~~~[m[K
[1.837s]       |                                                  [32m[Kisalpha[m[K
[3.637s] make[2]: *** [CMakeFiles/wall_follow_node.dir/build.make:63: CMakeFiles/wall_follow_node.dir/src/wall_follow_node.cpp.o] Error 1
[3.637s] make[1]: *** [CMakeFiles/Makefile2:78: CMakeFiles/wall_follow_node.dir/all] Error 2
[3.638s] make: *** [Makefile:141: all] Error 2
[3.644s] Invoked command in '/sim_ws/build/wall_follow' returned '2': CMAKE_PREFIX_PATH=${CMAKE_PREFIX_PATH}:/sim_ws/install/f1tenth_gym_ros:/opt/ros/foxy /usr/bin/cmake --build /sim_ws/build/wall_follow -- -j12 -l12
