[0.020s] Invoking command in '/sim_ws/build/wall_follow': CMAKE_PREFIX_PATH=${CMAKE_PREFIX_PATH}:/sim_ws/install/f1tenth_gym_ros:/opt/ros/foxy /usr/bin/cmake --build /sim_ws/build/wall_follow -- -j12 -l12
[0.061s] [35m[1mScanning dependencies of target wall_follow_node[0m
[0.083s] [ 50%] [32mBuilding CXX object CMakeFiles/wall_follow_node.dir/src/wall_follow_node.cpp.o[0m
[1.454s] [01m[K/sim_ws/src/wall_follow/src/wall_follow_node.cpp:62:22:[m[K [01;31m[Kerror: [m[Kâ€˜[01m[Kvector[m[Kâ€™ has not been declared
[1.455s]    62 |     double get_range([01;31m[Kvector[m[K<float>& range_data, double angle)
[1.455s]       |                      [01;31m[K^~~~~~[m[K
[1.455s] [01m[K/sim_ws/src/wall_follow/src/wall_follow_node.cpp:62:28:[m[K [01;31m[Kerror: [m[Kexpected â€˜[01m[K,[m[Kâ€™ or â€˜[01m[K...[m[Kâ€™ before â€˜[01m[K<[m[Kâ€™ token
[1.455s]    62 |     double get_range(vector[01;31m[K<[m[Kfloat>& range_data, double angle)
[1.455s]       |                            [01;31m[K^[m[K
[1.455s] [01m[K/sim_ws/src/wall_follow/src/wall_follow_node.cpp:89:22:[m[K [01;31m[Kerror: [m[Kâ€˜[01m[Kvector[m[Kâ€™ has not been declared
[1.455s]    89 |     double get_error([01;31m[Kvector[m[K<float>& range_data, double dist, double velocity)
[1.455s]       |                      [01;31m[K^~~~~~[m[K
[1.455s] [01m[K/sim_ws/src/wall_follow/src/wall_follow_node.cpp:89:28:[m[K [01;31m[Kerror: [m[Kexpected â€˜[01m[K,[m[Kâ€™ or â€˜[01m[K...[m[Kâ€™ before â€˜[01m[K<[m[Kâ€™ token
[1.455s]    89 |     double get_error(vector[01;31m[K<[m[Kfloat>& range_data, double dist, double velocity)
[1.455s]       |                            [01;31m[K^[m[K
[1.476s] [01m[K/sim_ws/src/wall_follow/src/wall_follow_node.cpp:[m[K In member function â€˜[01m[Kdouble WallFollow::get_range(int)[m[Kâ€™:
[1.476s] [01m[K/sim_ws/src/wall_follow/src/wall_follow_node.cpp:83:22:[m[K [01;31m[Kerror: [m[Kâ€˜[01m[Krange_data[m[Kâ€™ was not declared in this scope; did you mean â€˜[01m[Krandom_data[m[Kâ€™?
[1.476s]    83 |         int index = ([01;31m[Krange_data[m[K.size() * (angle - angle_min)) / (angle_max - angle_min);
[1.476s]       |                      [01;31m[K^~~~~~~~~~[m[K
[1.476s]       |                      [32m[Krandom_data[m[K
[1.477s] [01m[K/sim_ws/src/wall_follow/src/wall_follow_node.cpp:83:43:[m[K [01;31m[Kerror: [m[Kâ€˜[01m[Kangle[m[Kâ€™ was not declared in this scope
[1.477s]    83 |         int index = (range_data.size() * ([01;31m[Kangle[m[K - angle_min)) / (angle_max - angle_min);
[1.477s]       |                                           [01;31m[K^~~~~[m[K
[1.479s] [01m[K/sim_ws/src/wall_follow/src/wall_follow_node.cpp:[m[K In member function â€˜[01m[Kdouble WallFollow::get_error(int)[m[Kâ€™:
[1.479s] [01m[K/sim_ws/src/wall_follow/src/wall_follow_node.cpp:120:67:[m[K [01;31m[Kerror: [m[Kâ€˜[01m[Krange_data[m[Kâ€™ was not declared in this scope; did you mean â€˜[01m[Krandom_data[m[Kâ€™?
[1.480s]   120 |  static double angle_increment = (angle_max - angle_min) / [01;31m[Krange_data[m[K.size();
[1.480s]       |                                                            [01;31m[K^~~~~~~~~~[m[K
[1.480s]       |                                                            [32m[Krandom_data[m[K
[1.481s] [01m[K/sim_ws/src/wall_follow/src/wall_follow_node.cpp:139:21:[m[K [01;31m[Kerror: [m[Kâ€˜[01m[Kdist[m[Kâ€™ was not declared in this scope
[1.481s]   139 |             error = [01;31m[Kdist[m[K + velocity * sin(alpha) - dist_actual;
[1.481s]       |                     [01;31m[K^~~~[m[K
[1.482s] [01m[K/sim_ws/src/wall_follow/src/wall_follow_node.cpp:139:28:[m[K [01;31m[Kerror: [m[Kâ€˜[01m[Kvelocity[m[Kâ€™ was not declared in this scope
[1.482s]   139 |             error = dist + [01;31m[Kvelocity[m[K * sin(alpha) - dist_actual;
[1.482s]       |                            [01;31m[K^~~~~~~~[m[K
[1.494s] [01m[K/sim_ws/src/wall_follow/src/wall_follow_node.cpp:[m[K In member function â€˜[01m[Kvoid WallFollow::scan_callback(sensor_msgs::msg::LaserScan_<std::allocator<void> >::ConstSharedPtr)[m[Kâ€™:
[1.494s] [01m[K/sim_ws/src/wall_follow/src/wall_follow_node.cpp:221:79:[m[K [01;31m[Kerror: [m[Kno matching function for call to â€˜[01m[KWallFollow::get_error(const _ranges_type&, double&, double&)[m[Kâ€™
[1.494s]   221 | _error = get_error(scan_msg->ranges, dist, current_velocity[01;31m[K)[m[K;
[1.494s]       |                                                            [01;31m[K^[m[K
[1.494s] 
[1.494s] [01m[K/sim_ws/src/wall_follow/src/wall_follow_node.cpp:89:12:[m[K [01;36m[Knote: [m[Kcandidate: â€˜[01m[Kdouble WallFollow::get_error(int)[m[Kâ€™
[1.494s]    89 |     double [01;36m[Kget_error[m[K(vector<float>& range_data, double dist, double velocity)
[1.494s]       |            [01;36m[K^~~~~~~~~[m[K
[1.494s] [01m[K/sim_ws/src/wall_follow/src/wall_follow_node.cpp:89:12:[m[K [01;36m[Knote: [m[K  candidate expects 1 argument, 3 provided
[3.213s] make[2]: *** [CMakeFiles/wall_follow_node.dir/build.make:63: CMakeFiles/wall_follow_node.dir/src/wall_follow_node.cpp.o] Error 1
[3.214s] make[1]: *** [CMakeFiles/Makefile2:78: CMakeFiles/wall_follow_node.dir/all] Error 2
[3.214s] make: *** [Makefile:141: all] Error 2
[3.220s] Invoked command in '/sim_ws/build/wall_follow' returned '2': CMAKE_PREFIX_PATH=${CMAKE_PREFIX_PATH}:/sim_ws/install/f1tenth_gym_ros:/opt/ros/foxy /usr/bin/cmake --build /sim_ws/build/wall_follow -- -j12 -l12
