[0.025s] Invoking command in '/sim_ws/build/wall_follow': CMAKE_PREFIX_PATH=${CMAKE_PREFIX_PATH}:/sim_ws/install/f1tenth_gym_ros:/opt/ros/foxy /usr/bin/cmake --build /sim_ws/build/wall_follow -- -j12 -l12
[0.067s] [35m[1mScanning dependencies of target wall_follow_node[0m
[0.099s] [ 50%] [32mBuilding CXX object CMakeFiles/wall_follow_node.dir/src/wall_follow_node.cpp.o[0m
[1.464s] [01m[K/sim_ws/src/wall_follow/src/wall_follow_node.cpp:[m[K In member function â€˜[01m[Kvoid WallFollow::scan_callback(sensor_msgs::msg::LaserScan_<std::allocator<void> >::ConstSharedPtr)[m[Kâ€™:
[1.464s] [01m[K/sim_ws/src/wall_follow/src/wall_follow_node.cpp:221:49:[m[K [01;31m[Kerror: [m[Kbinding reference of type â€˜[01m[Kstd::vector<float>&[m[Kâ€™ to â€˜[01m[Kconst _ranges_type[m[Kâ€™ {aka â€˜[01m[Kconst std::vector<float>[m[Kâ€™} discards qualifiers
[1.464s]   221 |         double curr_error = get_error([01;31m[Kscan_msg->ranges[m[K, dist, current_velocity);
[1.465s]       |                                       [01;31m[K~~~~~~~~~~^~~~~~[m[K
[1.465s] [01m[K/sim_ws/src/wall_follow/src/wall_follow_node.cpp:89:42:[m[K [01;36m[Knote: [m[K  initializing argument 1 of â€˜[01m[Kdouble WallFollow::get_error(std::vector<float>&, double, double)[m[Kâ€™
[1.465s]    89 |     double get_error([01;36m[Kstd::vector<float>& range_data[m[K, double dist, double velocity)
[1.465s]       |                      [01;36m[K~~~~~~~~~~~~~~~~~~~~^~~~~~~~~~[m[K
[3.308s] make[2]: *** [CMakeFiles/wall_follow_node.dir/build.make:63: CMakeFiles/wall_follow_node.dir/src/wall_follow_node.cpp.o] Error 1
[3.308s] make[1]: *** [CMakeFiles/Makefile2:78: CMakeFiles/wall_follow_node.dir/all] Error 2
[3.308s] make: *** [Makefile:141: all] Error 2
[3.314s] Invoked command in '/sim_ws/build/wall_follow' returned '2': CMAKE_PREFIX_PATH=${CMAKE_PREFIX_PATH}:/sim_ws/install/f1tenth_gym_ros:/opt/ros/foxy /usr/bin/cmake --build /sim_ws/build/wall_follow -- -j12 -l12
